# JRE version: Java(TM) SE Runtime Environment (21.0.6+8) (build 21.0.6+8-LTS-188)
# Java VM: Java HotSpot(TM) 64-Bit Server VM (21.0.6+8-LTS-188, mixed mode, sharing, tiered, compressed oops, compressed class ptrs, g1 gc, windows-amd64)
GC Precious Log:
 CardTable entry size: 512
 Card Set container configuration: InlinePtr #cards 4 size 8 Array Of Cards #cards 16 size 48 Howl #buckets 8 coarsen threshold 3686 Howl Bitmap #cards 512 size 80 coarsen threshold 460 Card regions per heap region 1 cards per card region 4096
 CPUs: 16 total, 16 available
 Memory: 16024M
 Large Page Support: Disabled
 NUMA Support: Disabled
 Compressed Oops: Enabled (Zero based)
 Heap Region Size: 2M
 Heap Min Capacity: 8M
 Heap Initial Capacity: 252M
 Heap Max Capacity: 4008M
 Pre-touch: Disabled
 Parallel Workers: 13
 Concurrent Workers: 3
 Concurrent Refinement Workers: 13
 Periodic GC: Disabled
Heap:
 garbage-first heap   total 73728K, used 43879K [0x0000000705800000, 0x0000000800000000)
  region size 2048K, 12 young (24576K), 2 survivors (4096K)
 Metaspace       used 62542K, committed 63168K, reserved 1114112K
  class space    used 8309K, committed 8576K, reserved 1048576K
GC Heap History (18 events):
Event: 0.768 GC heap before
{Heap before GC invocations=0 (full 0):
 garbage-first heap   total 258048K, used 20480K [0x0000000705800000, 0x0000000800000000)
  region size 2048K, 11 young (22528K), 0 survivors (0K)
 Metaspace       used 4531K, committed 4800K, reserved 1114112K
  class space    used 499K, committed 640K, reserved 1048576K
}
Event: 0.773 GC heap after
{Heap after GC invocations=1 (full 0):
 garbage-first heap   total 258048K, used 7258K [0x0000000705800000, 0x0000000800000000)
  region size 2048K, 2 young (4096K), 2 survivors (4096K)
 Metaspace       used 4531K, committed 4800K, reserved 1114112K
  class space    used 499K, committed 640K, reserved 1048576K
}
Event: 1.417 GC heap before
{Heap before GC invocations=1 (full 0):
 garbage-first heap   total 258048K, used 33882K [0x0000000705800000, 0x0000000800000000)
  region size 2048K, 15 young (30720K), 2 survivors (4096K)
 Metaspace       used 11825K, committed 12224K, reserved 1114112K
  class space    used 1432K, committed 1600K, reserved 1048576K
}
Event: 1.421 GC heap after
{Heap after GC invocations=2 (full 0):
 garbage-first heap   total 258048K, used 9451K [0x0000000705800000, 0x0000000800000000)
  region size 2048K, 1 young (2048K), 1 survivors (2048K)
 Metaspace       used 11825K, committed 12224K, reserved 1114112K
  class space    used 1432K, committed 1600K, reserved 1048576K
}
Event: 2.713 GC heap before
{Heap before GC invocations=2 (full 0):
 garbage-first heap   total 258048K, used 56555K [0x0000000705800000, 0x0000000800000000)
  region size 2048K, 26 young (53248K), 1 survivors (2048K)
 Metaspace       used 21206K, committed 21504K, reserved 1114112K
  class space    used 2562K, committed 2688K, reserved 1048576K
}
Event: 2.723 GC heap after
{Heap after GC invocations=3 (full 0):
 garbage-first heap   total 258048K, used 14363K [0x0000000705800000, 0x0000000800000000)
  region size 2048K, 4 young (8192K), 4 survivors (8192K)
 Metaspace       used 21206K, committed 21504K, reserved 1114112K
  class space    used 2562K, committed 2688K, reserved 1048576K
}
Event: 4.443 GC heap before
{Heap before GC invocations=4 (full 0):
 garbage-first heap   total 61440K, used 59419K [0x0000000705800000, 0x0000000800000000)
  region size 2048K, 26 young (53248K), 4 survivors (8192K)
 Metaspace       used 28893K, committed 29440K, reserved 1114112K
  class space    used 3605K, committed 3840K, reserved 1048576K
}
Event: 4.451 GC heap after
{Heap after GC invocations=5 (full 0):
 garbage-first heap   total 73728K, used 19204K [0x0000000705800000, 0x0000000800000000)
  region size 2048K, 6 young (12288K), 6 survivors (12288K)
 Metaspace       used 28893K, committed 29440K, reserved 1114112K
  class space    used 3605K, committed 3840K, reserved 1048576K
}
Event: 5.263 GC heap before
{Heap before GC invocations=5 (full 0):
 garbage-first heap   total 73728K, used 45828K [0x0000000705800000, 0x0000000800000000)
  region size 2048K, 20 young (40960K), 6 survivors (12288K)
 Metaspace       used 35603K, committed 36096K, reserved 1114112K
  class space    used 4622K, committed 4864K, reserved 1048576K
}
Event: 5.274 GC heap after
{Heap after GC invocations=6 (full 0):
 garbage-first heap   total 73728K, used 21084K [0x0000000705800000, 0x0000000800000000)
  region size 2048K, 2 young (4096K), 2 survivors (4096K)
 Metaspace       used 35603K, committed 36096K, reserved 1114112K
  class space    used 4622K, committed 4864K, reserved 1048576K
}
Event: 5.345 GC heap before
{Heap before GC invocations=6 (full 0):
 garbage-first heap   total 73728K, used 21084K [0x0000000705800000, 0x0000000800000000)
  region size 2048K, 3 young (6144K), 2 survivors (4096K)
 Metaspace       used 35927K, committed 36416K, reserved 1114112K
  class space    used 4687K, committed 4928K, reserved 1048576K
}
Event: 5.348 GC heap after
{Heap after GC invocations=7 (full 0):
 garbage-first heap   total 73728K, used 20246K [0x0000000705800000, 0x0000000800000000)
  region size 2048K, 2 young (4096K), 2 survivors (4096K)
 Metaspace       used 35927K, committed 36416K, reserved 1114112K
  class space    used 4687K, committed 4928K, reserved 1048576K
}
Event: 6.858 GC heap before
{Heap before GC invocations=8 (full 0):
 garbage-first heap   total 73728K, used 57110K [0x0000000705800000, 0x0000000800000000)
  region size 2048K, 21 young (43008K), 2 survivors (4096K)
 Metaspace       used 49477K, committed 49984K, reserved 1114112K
  class space    used 6301K, committed 6528K, reserved 1048576K
}
Event: 6.863 GC heap after
{Heap after GC invocations=9 (full 0):
 garbage-first heap   total 73728K, used 23760K [0x0000000705800000, 0x0000000800000000)
  region size 2048K, 3 young (6144K), 3 survivors (6144K)
 Metaspace       used 49477K, committed 49984K, reserved 1114112K
  class space    used 6301K, committed 6528K, reserved 1048576K
}
Event: 8.024 GC heap before
{Heap before GC invocations=9 (full 0):
 garbage-first heap   total 73728K, used 58576K [0x0000000705800000, 0x0000000800000000)
  region size 2048K, 21 young (43008K), 3 survivors (6144K)
 Metaspace       used 59907K, committed 60480K, reserved 1114112K
  class space    used 7872K, committed 8128K, reserved 1048576K
}
Event: 8.029 GC heap after
{Heap after GC invocations=10 (full 0):
 garbage-first heap   total 73728K, used 25700K [0x0000000705800000, 0x0000000800000000)
  region size 2048K, 2 young (4096K), 2 survivors (4096K)
 Metaspace       used 59907K, committed 60480K, reserved 1114112K
  class space    used 7872K, committed 8128K, reserved 1048576K
}
Event: 8.120 GC heap before
{Heap before GC invocations=10 (full 0):
 garbage-first heap   total 73728K, used 25700K [0x0000000705800000, 0x0000000800000000)
  region size 2048K, 3 young (6144K), 2 survivors (4096K)
 Metaspace       used 60255K, committed 60800K, reserved 1114112K
  class space    used 7939K, committed 8192K, reserved 1048576K
}
Event: 8.124 GC heap after
{Heap after GC invocations=11 (full 0):
 garbage-first heap   total 73728K, used 25447K [0x0000000705800000, 0x0000000800000000)
  region size 2048K, 2 young (4096K), 2 survivors (4096K)
 Metaspace       used 60255K, committed 60800K, reserved 1114112K
  class space    used 7939K, committed 8192K, reserved 1048576K
}

